<?xml version="1.0" encoding="UTF-8"?>
<testsuite xmlns:xsi="http://www.w3.org/2001/XMLSchema-instance" xsi:noNamespaceSchemaLocation="https://maven.apache.org/surefire/maven-surefire-plugin/xsd/surefire-test-report-3.0.xsd" version="3.0" name="org.mindtickle.helpers.UserServiceHelperTest" time="0.19" tests="3" errors="0" skipped="0" failures="0">
  <properties>
    <property name="java.specification.version" value="18"/>
    <property name="sun.cpu.isalist" value="amd64"/>
    <property name="sun.jnu.encoding" value="Cp1252"/>
    <property name="java.class.path" value="C:\Users\pooja.mali\AutomationWorkspace\api\target\test-classes;C:\Users\pooja.mali\AutomationWorkspace\api\target\classes;C:\Users\pooja.mali\.m2\repository\org\junit\jupiter\junit-jupiter\5.5.2\junit-jupiter-5.5.2.jar;C:\Users\pooja.mali\.m2\repository\org\junit\jupiter\junit-jupiter-api\5.5.2\junit-jupiter-api-5.5.2.jar;C:\Users\pooja.mali\.m2\repository\org\apiguardian\apiguardian-api\1.1.0\apiguardian-api-1.1.0.jar;C:\Users\pooja.mali\.m2\repository\org\opentest4j\opentest4j\1.2.0\opentest4j-1.2.0.jar;C:\Users\pooja.mali\.m2\repository\org\junit\platform\junit-platform-commons\1.5.2\junit-platform-commons-1.5.2.jar;C:\Users\pooja.mali\.m2\repository\org\junit\jupiter\junit-jupiter-params\5.5.2\junit-jupiter-params-5.5.2.jar;C:\Users\pooja.mali\.m2\repository\org\junit\jupiter\junit-jupiter-engine\5.5.2\junit-jupiter-engine-5.5.2.jar;C:\Users\pooja.mali\.m2\repository\org\junit\platform\junit-platform-engine\1.5.2\junit-platform-engine-1.5.2.jar;C:\Users\pooja.mali\.m2\repository\io\apiman\apiman-manager-api-config\2.2.3.Final\apiman-manager-api-config-2.2.3.Final.jar;C:\Users\pooja.mali\.m2\repository\commons-io\commons-io\2.11.0\commons-io-2.11.0.jar;C:\Users\pooja.mali\.m2\repository\com\sun\xml\ws\jaxws-rt\2.3.4\jaxws-rt-2.3.4.jar;C:\Users\pooja.mali\.m2\repository\com\sun\xml\ws\policy\2.7.10\policy-2.7.10.jar;C:\Users\pooja.mali\.m2\repository\org\glassfish\ha\ha-api\3.1.13\ha-api-3.1.13.jar;C:\Users\pooja.mali\.m2\repository\org\glassfish\external\management-api\3.2.3\management-api-3.2.3.jar;C:\Users\pooja.mali\.m2\repository\org\glassfish\gmbal\gmbal-api-only\4.0.3\gmbal-api-only-4.0.3.jar;C:\Users\pooja.mali\.m2\repository\org\jvnet\staxex\stax-ex\1.8.3\stax-ex-1.8.3.jar;C:\Users\pooja.mali\.m2\repository\com\sun\xml\stream\buffer\streambuffer\1.5.10\streambuffer-1.5.10.jar;C:\Users\pooja.mali\.m2\repository\org\jvnet\mimepull\mimepull\1.9.14\mimepull-1.9.14.jar;C:\Users\pooja.mali\.m2\repository\com\sun\xml\fastinfoset\FastInfoset\1.2.18\FastInfoset-1.2.18.jar;C:\Users\pooja.mali\.m2\repository\com\sun\mail\jakarta.mail\1.6.7\jakarta.mail-1.6.7.jar;C:\Users\pooja.mali\.m2\repository\com\sun\xml\messaging\saaj\saaj-impl\1.5.3\saaj-impl-1.5.3.jar;C:\Users\pooja.mali\.m2\repository\com\fasterxml\woodstox\woodstox-core\6.2.4\woodstox-core-6.2.4.jar;C:\Users\pooja.mali\.m2\repository\org\codehaus\woodstox\stax2-api\4.2.1\stax2-api-4.2.1.jar;C:\Users\pooja.mali\.m2\repository\com\sun\xml\ws\jaxws-tools\2.3.4\jaxws-tools-2.3.4.jar;C:\Users\pooja.mali\.m2\repository\com\sun\xml\bind\jaxb-xjc\2.3.4\jaxb-xjc-2.3.4.jar;C:\Users\pooja.mali\.m2\repository\com\sun\xml\bind\jaxb-jxc\2.3.4\jaxb-jxc-2.3.4.jar;C:\Users\pooja.mali\.m2\repository\com\sun\xml\ws\jaxws-eclipselink-plugin\2.3.4\jaxws-eclipselink-plugin-2.3.4.jar;C:\Users\pooja.mali\.m2\repository\jakarta\persistence\jakarta.persistence-api\2.2.3\jakarta.persistence-api-2.2.3.jar;C:\Users\pooja.mali\.m2\repository\org\eclipse\persistence\org.eclipse.persistence.moxy\2.7.8\org.eclipse.persistence.moxy-2.7.8.jar;C:\Users\pooja.mali\.m2\repository\org\eclipse\persistence\org.eclipse.persistence.core\2.7.8\org.eclipse.persistence.core-2.7.8.jar;C:\Users\pooja.mali\.m2\repository\org\eclipse\persistence\org.eclipse.persistence.asm\2.7.8\org.eclipse.persistence.asm-2.7.8.jar;C:\Users\pooja.mali\.m2\repository\com\sun\xml\ws\sdo-eclipselink-plugin\2.3.4\sdo-eclipselink-plugin-2.3.4.jar;C:\Users\pooja.mali\.m2\repository\org\eclipse\persistence\org.eclipse.persistence.sdo\2.7.8\org.eclipse.persistence.sdo-2.7.8.jar;C:\Users\pooja.mali\.m2\repository\org\eclipse\persistence\commonj.sdo\2.1.1\commonj.sdo-2.1.1.jar;C:\Users\pooja.mali\.m2\repository\jakarta\xml\ws\jakarta.xml.ws-api\2.3.3\jakarta.xml.ws-api-2.3.3.jar;C:\Users\pooja.mali\.m2\repository\jakarta\xml\soap\jakarta.xml.soap-api\1.4.2\jakarta.xml.soap-api-1.4.2.jar;C:\Users\pooja.mali\.m2\repository\jakarta\jws\jakarta.jws-api\2.1.0\jakarta.jws-api-2.1.0.jar;C:\Users\pooja.mali\.m2\repository\jakarta\annotation\jakarta.annotation-api\1.3.5\jakarta.annotation-api-1.3.5.jar;C:\Users\pooja.mali\.m2\repository\jakarta\xml\bind\jakarta.xml.bind-api\2.3.3\jakarta.xml.bind-api-2.3.3.jar;C:\Users\pooja.mali\.m2\repository\jakarta\activation\jakarta.activation-api\1.2.2\jakarta.activation-api-1.2.2.jar;C:\Users\pooja.mali\.m2\repository\com\sun\xml\bind\jaxb-impl\2.3.3\jaxb-impl-2.3.3.jar;C:\Users\pooja.mali\.m2\repository\com\sun\activation\jakarta.activation\1.2.2\jakarta.activation-1.2.2.jar;C:\Users\pooja.mali\.m2\repository\com\google\code\gson\gson\2.9.1\gson-2.9.1.jar;C:\Users\pooja.mali\.m2\repository\io\rest-assured\rest-assured\4.4.0\rest-assured-4.4.0.jar;C:\Users\pooja.mali\.m2\repository\org\codehaus\groovy\groovy\3.0.8\groovy-3.0.8.jar;C:\Users\pooja.mali\.m2\repository\org\codehaus\groovy\groovy-xml\3.0.8\groovy-xml-3.0.8.jar;C:\Users\pooja.mali\.m2\repository\org\apache\httpcomponents\httpclient\4.5.13\httpclient-4.5.13.jar;C:\Users\pooja.mali\.m2\repository\org\apache\httpcomponents\httpcore\4.4.13\httpcore-4.4.13.jar;C:\Users\pooja.mali\.m2\repository\commons-logging\commons-logging\1.2\commons-logging-1.2.jar;C:\Users\pooja.mali\.m2\repository\commons-codec\commons-codec\1.11\commons-codec-1.11.jar;C:\Users\pooja.mali\.m2\repository\org\apache\httpcomponents\httpmime\4.5.13\httpmime-4.5.13.jar;C:\Users\pooja.mali\.m2\repository\org\hamcrest\hamcrest\2.1\hamcrest-2.1.jar;C:\Users\pooja.mali\.m2\repository\org\ccil\cowan\tagsoup\tagsoup\1.2.1\tagsoup-1.2.1.jar;C:\Users\pooja.mali\.m2\repository\io\rest-assured\json-path\4.4.0\json-path-4.4.0.jar;C:\Users\pooja.mali\.m2\repository\org\codehaus\groovy\groovy-json\3.0.8\groovy-json-3.0.8.jar;C:\Users\pooja.mali\.m2\repository\io\rest-assured\rest-assured-common\4.4.0\rest-assured-common-4.4.0.jar;C:\Users\pooja.mali\.m2\repository\io\rest-assured\xml-path\4.4.0\xml-path-4.4.0.jar;C:\Users\pooja.mali\.m2\repository\com\fasterxml\jackson\core\jackson-databind\2.13.4\jackson-databind-2.13.4.jar;C:\Users\pooja.mali\.m2\repository\com\fasterxml\jackson\core\jackson-annotations\2.13.4\jackson-annotations-2.13.4.jar;C:\Users\pooja.mali\.m2\repository\com\fasterxml\jackson\core\jackson-core\2.13.4\jackson-core-2.13.4.jar;C:\Users\pooja.mali\.m2\repository\org\assertj\assertj-core\3.4.1\assertj-core-3.4.1.jar;C:\Users\pooja.mali\.m2\repository\org\json\json\20220924\json-20220924.jar;C:\Users\pooja.mali\.m2\repository\com\googlecode\json-simple\json-simple\1.1\json-simple-1.1.jar;C:\Users\pooja.mali\.m2\repository\ru\lanwen\wiremock\wiremock-junit5\1.0.1\wiremock-junit5-1.0.1.jar;C:\Users\pooja.mali\.m2\repository\com\github\tomakehurst\wiremock-jre8-standalone\2.34.0\wiremock-jre8-standalone-2.34.0.jar;C:\Users\pooja.mali\.m2\repository\org\eclipse\jetty\jetty-server\9.2.28.v20190418\jetty-server-9.2.28.v20190418.jar;C:\Users\pooja.mali\.m2\repository\javax\servlet\javax.servlet-api\3.1.0\javax.servlet-api-3.1.0.jar;C:\Users\pooja.mali\.m2\repository\org\eclipse\jetty\jetty-http\9.2.28.v20190418\jetty-http-9.2.28.v20190418.jar;C:\Users\pooja.mali\.m2\repository\org\eclipse\jetty\jetty-io\9.2.28.v20190418\jetty-io-9.2.28.v20190418.jar;C:\Users\pooja.mali\.m2\repository\org\eclipse\jetty\jetty-servlet\9.2.28.v20190418\jetty-servlet-9.2.28.v20190418.jar;C:\Users\pooja.mali\.m2\repository\org\eclipse\jetty\jetty-security\9.2.28.v20190418\jetty-security-9.2.28.v20190418.jar;C:\Users\pooja.mali\.m2\repository\org\eclipse\jetty\jetty-servlets\9.2.28.v20190418\jetty-servlets-9.2.28.v20190418.jar;C:\Users\pooja.mali\.m2\repository\org\eclipse\jetty\jetty-continuation\9.2.28.v20190418\jetty-continuation-9.2.28.v20190418.jar;C:\Users\pooja.mali\.m2\repository\org\eclipse\jetty\jetty-util\9.2.28.v20190418\jetty-util-9.2.28.v20190418.jar;C:\Users\pooja.mali\.m2\repository\org\eclipse\jetty\jetty-webapp\9.2.28.v20190418\jetty-webapp-9.2.28.v20190418.jar;C:\Users\pooja.mali\.m2\repository\org\eclipse\jetty\jetty-xml\9.2.28.v20190418\jetty-xml-9.2.28.v20190418.jar;C:\Users\pooja.mali\.m2\repository\org\eclipse\jetty\jetty-proxy\9.2.28.v20190418\jetty-proxy-9.2.28.v20190418.jar;C:\Users\pooja.mali\.m2\repository\org\eclipse\jetty\jetty-client\9.2.28.v20190418\jetty-client-9.2.28.v20190418.jar;C:\Users\pooja.mali\.m2\repository\com\google\guava\guava\20.0\guava-20.0.jar;C:\Users\pooja.mali\.m2\repository\org\xmlunit\xmlunit-core\2.7.0\xmlunit-core-2.7.0.jar;C:\Users\pooja.mali\.m2\repository\javax\xml\bind\jaxb-api\2.3.0\jaxb-api-2.3.0.jar;C:\Users\pooja.mali\.m2\repository\org\xmlunit\xmlunit-legacy\2.7.0\xmlunit-legacy-2.7.0.jar;C:\Users\pooja.mali\.m2\repository\org\xmlunit\xmlunit-placeholders\2.7.0\xmlunit-placeholders-2.7.0.jar;C:\Users\pooja.mali\.m2\repository\com\jayway\jsonpath\json-path\2.4.0\json-path-2.4.0.jar;C:\Users\pooja.mali\.m2\repository\net\minidev\json-smart\2.3\json-smart-2.3.jar;C:\Users\pooja.mali\.m2\repository\net\minidev\accessors-smart\1.2\accessors-smart-1.2.jar;C:\Users\pooja.mali\.m2\repository\org\ow2\asm\asm\7.0\asm-7.0.jar;C:\Users\pooja.mali\.m2\repository\org\slf4j\slf4j-api\1.7.12\slf4j-api-1.7.12.jar;C:\Users\pooja.mali\.m2\repository\net\sf\jopt-simple\jopt-simple\5.0.3\jopt-simple-5.0.3.jar;C:\Users\pooja.mali\.m2\repository\org\apache\commons\commons-lang3\3.7\commons-lang3-3.7.jar;C:\Users\pooja.mali\.m2\repository\com\github\jknack\handlebars\4.0.7\handlebars-4.0.7.jar;C:\Users\pooja.mali\.m2\repository\org\antlr\antlr4-runtime\4.7.1\antlr4-runtime-4.7.1.jar;C:\Users\pooja.mali\.m2\repository\com\github\jknack\handlebars-helpers\4.0.7\handlebars-helpers-4.0.7.jar;C:\Users\pooja.mali\.m2\repository\com\flipkart\zjsonpatch\zjsonpatch\0.4.4\zjsonpatch-0.4.4.jar;C:\Users\pooja.mali\.m2\repository\commons-fileupload\commons-fileupload\1.4\commons-fileupload-1.4.jar;"/>
    <property name="java.vm.vendor" value="Oracle Corporation"/>
    <property name="sun.arch.data.model" value="64"/>
    <property name="user.variant" value=""/>
    <property name="java.vendor.url" value="https://java.oracle.com/"/>
    <property name="user.timezone" value="Asia/Calcutta"/>
    <property name="os.name" value="Windows 10"/>
    <property name="java.vm.specification.version" value="18"/>
    <property name="sun.java.launcher" value="SUN_STANDARD"/>
    <property name="user.country" value="IN"/>
    <property name="sun.boot.library.path" value="C:\Program Files\Java\jdk-18.0.1.1\bin"/>
    <property name="sun.java.command" value="C:\Users\pooja.mali\AppData\Local\Temp\surefire9394040282028315889\surefirebooter-20221010182518318_3.jar C:\Users\pooja.mali\AppData\Local\Temp\surefire9394040282028315889 2022-10-10T18-25-17_899-jvmRun1 surefire-20221010182518318_1tmp surefire_0-20221010182518318_2tmp"/>
    <property name="jdk.debug" value="release"/>
    <property name="surefire.test.class.path" value="C:\Users\pooja.mali\AutomationWorkspace\api\target\test-classes;C:\Users\pooja.mali\AutomationWorkspace\api\target\classes;C:\Users\pooja.mali\.m2\repository\org\junit\jupiter\junit-jupiter\5.5.2\junit-jupiter-5.5.2.jar;C:\Users\pooja.mali\.m2\repository\org\junit\jupiter\junit-jupiter-api\5.5.2\junit-jupiter-api-5.5.2.jar;C:\Users\pooja.mali\.m2\repository\org\apiguardian\apiguardian-api\1.1.0\apiguardian-api-1.1.0.jar;C:\Users\pooja.mali\.m2\repository\org\opentest4j\opentest4j\1.2.0\opentest4j-1.2.0.jar;C:\Users\pooja.mali\.m2\repository\org\junit\platform\junit-platform-commons\1.5.2\junit-platform-commons-1.5.2.jar;C:\Users\pooja.mali\.m2\repository\org\junit\jupiter\junit-jupiter-params\5.5.2\junit-jupiter-params-5.5.2.jar;C:\Users\pooja.mali\.m2\repository\org\junit\jupiter\junit-jupiter-engine\5.5.2\junit-jupiter-engine-5.5.2.jar;C:\Users\pooja.mali\.m2\repository\org\junit\platform\junit-platform-engine\1.5.2\junit-platform-engine-1.5.2.jar;C:\Users\pooja.mali\.m2\repository\io\apiman\apiman-manager-api-config\2.2.3.Final\apiman-manager-api-config-2.2.3.Final.jar;C:\Users\pooja.mali\.m2\repository\commons-io\commons-io\2.11.0\commons-io-2.11.0.jar;C:\Users\pooja.mali\.m2\repository\com\sun\xml\ws\jaxws-rt\2.3.4\jaxws-rt-2.3.4.jar;C:\Users\pooja.mali\.m2\repository\com\sun\xml\ws\policy\2.7.10\policy-2.7.10.jar;C:\Users\pooja.mali\.m2\repository\org\glassfish\ha\ha-api\3.1.13\ha-api-3.1.13.jar;C:\Users\pooja.mali\.m2\repository\org\glassfish\external\management-api\3.2.3\management-api-3.2.3.jar;C:\Users\pooja.mali\.m2\repository\org\glassfish\gmbal\gmbal-api-only\4.0.3\gmbal-api-only-4.0.3.jar;C:\Users\pooja.mali\.m2\repository\org\jvnet\staxex\stax-ex\1.8.3\stax-ex-1.8.3.jar;C:\Users\pooja.mali\.m2\repository\com\sun\xml\stream\buffer\streambuffer\1.5.10\streambuffer-1.5.10.jar;C:\Users\pooja.mali\.m2\repository\org\jvnet\mimepull\mimepull\1.9.14\mimepull-1.9.14.jar;C:\Users\pooja.mali\.m2\repository\com\sun\xml\fastinfoset\FastInfoset\1.2.18\FastInfoset-1.2.18.jar;C:\Users\pooja.mali\.m2\repository\com\sun\mail\jakarta.mail\1.6.7\jakarta.mail-1.6.7.jar;C:\Users\pooja.mali\.m2\repository\com\sun\xml\messaging\saaj\saaj-impl\1.5.3\saaj-impl-1.5.3.jar;C:\Users\pooja.mali\.m2\repository\com\fasterxml\woodstox\woodstox-core\6.2.4\woodstox-core-6.2.4.jar;C:\Users\pooja.mali\.m2\repository\org\codehaus\woodstox\stax2-api\4.2.1\stax2-api-4.2.1.jar;C:\Users\pooja.mali\.m2\repository\com\sun\xml\ws\jaxws-tools\2.3.4\jaxws-tools-2.3.4.jar;C:\Users\pooja.mali\.m2\repository\com\sun\xml\bind\jaxb-xjc\2.3.4\jaxb-xjc-2.3.4.jar;C:\Users\pooja.mali\.m2\repository\com\sun\xml\bind\jaxb-jxc\2.3.4\jaxb-jxc-2.3.4.jar;C:\Users\pooja.mali\.m2\repository\com\sun\xml\ws\jaxws-eclipselink-plugin\2.3.4\jaxws-eclipselink-plugin-2.3.4.jar;C:\Users\pooja.mali\.m2\repository\jakarta\persistence\jakarta.persistence-api\2.2.3\jakarta.persistence-api-2.2.3.jar;C:\Users\pooja.mali\.m2\repository\org\eclipse\persistence\org.eclipse.persistence.moxy\2.7.8\org.eclipse.persistence.moxy-2.7.8.jar;C:\Users\pooja.mali\.m2\repository\org\eclipse\persistence\org.eclipse.persistence.core\2.7.8\org.eclipse.persistence.core-2.7.8.jar;C:\Users\pooja.mali\.m2\repository\org\eclipse\persistence\org.eclipse.persistence.asm\2.7.8\org.eclipse.persistence.asm-2.7.8.jar;C:\Users\pooja.mali\.m2\repository\com\sun\xml\ws\sdo-eclipselink-plugin\2.3.4\sdo-eclipselink-plugin-2.3.4.jar;C:\Users\pooja.mali\.m2\repository\org\eclipse\persistence\org.eclipse.persistence.sdo\2.7.8\org.eclipse.persistence.sdo-2.7.8.jar;C:\Users\pooja.mali\.m2\repository\org\eclipse\persistence\commonj.sdo\2.1.1\commonj.sdo-2.1.1.jar;C:\Users\pooja.mali\.m2\repository\jakarta\xml\ws\jakarta.xml.ws-api\2.3.3\jakarta.xml.ws-api-2.3.3.jar;C:\Users\pooja.mali\.m2\repository\jakarta\xml\soap\jakarta.xml.soap-api\1.4.2\jakarta.xml.soap-api-1.4.2.jar;C:\Users\pooja.mali\.m2\repository\jakarta\jws\jakarta.jws-api\2.1.0\jakarta.jws-api-2.1.0.jar;C:\Users\pooja.mali\.m2\repository\jakarta\annotation\jakarta.annotation-api\1.3.5\jakarta.annotation-api-1.3.5.jar;C:\Users\pooja.mali\.m2\repository\jakarta\xml\bind\jakarta.xml.bind-api\2.3.3\jakarta.xml.bind-api-2.3.3.jar;C:\Users\pooja.mali\.m2\repository\jakarta\activation\jakarta.activation-api\1.2.2\jakarta.activation-api-1.2.2.jar;C:\Users\pooja.mali\.m2\repository\com\sun\xml\bind\jaxb-impl\2.3.3\jaxb-impl-2.3.3.jar;C:\Users\pooja.mali\.m2\repository\com\sun\activation\jakarta.activation\1.2.2\jakarta.activation-1.2.2.jar;C:\Users\pooja.mali\.m2\repository\com\google\code\gson\gson\2.9.1\gson-2.9.1.jar;C:\Users\pooja.mali\.m2\repository\io\rest-assured\rest-assured\4.4.0\rest-assured-4.4.0.jar;C:\Users\pooja.mali\.m2\repository\org\codehaus\groovy\groovy\3.0.8\groovy-3.0.8.jar;C:\Users\pooja.mali\.m2\repository\org\codehaus\groovy\groovy-xml\3.0.8\groovy-xml-3.0.8.jar;C:\Users\pooja.mali\.m2\repository\org\apache\httpcomponents\httpclient\4.5.13\httpclient-4.5.13.jar;C:\Users\pooja.mali\.m2\repository\org\apache\httpcomponents\httpcore\4.4.13\httpcore-4.4.13.jar;C:\Users\pooja.mali\.m2\repository\commons-logging\commons-logging\1.2\commons-logging-1.2.jar;C:\Users\pooja.mali\.m2\repository\commons-codec\commons-codec\1.11\commons-codec-1.11.jar;C:\Users\pooja.mali\.m2\repository\org\apache\httpcomponents\httpmime\4.5.13\httpmime-4.5.13.jar;C:\Users\pooja.mali\.m2\repository\org\hamcrest\hamcrest\2.1\hamcrest-2.1.jar;C:\Users\pooja.mali\.m2\repository\org\ccil\cowan\tagsoup\tagsoup\1.2.1\tagsoup-1.2.1.jar;C:\Users\pooja.mali\.m2\repository\io\rest-assured\json-path\4.4.0\json-path-4.4.0.jar;C:\Users\pooja.mali\.m2\repository\org\codehaus\groovy\groovy-json\3.0.8\groovy-json-3.0.8.jar;C:\Users\pooja.mali\.m2\repository\io\rest-assured\rest-assured-common\4.4.0\rest-assured-common-4.4.0.jar;C:\Users\pooja.mali\.m2\repository\io\rest-assured\xml-path\4.4.0\xml-path-4.4.0.jar;C:\Users\pooja.mali\.m2\repository\com\fasterxml\jackson\core\jackson-databind\2.13.4\jackson-databind-2.13.4.jar;C:\Users\pooja.mali\.m2\repository\com\fasterxml\jackson\core\jackson-annotations\2.13.4\jackson-annotations-2.13.4.jar;C:\Users\pooja.mali\.m2\repository\com\fasterxml\jackson\core\jackson-core\2.13.4\jackson-core-2.13.4.jar;C:\Users\pooja.mali\.m2\repository\org\assertj\assertj-core\3.4.1\assertj-core-3.4.1.jar;C:\Users\pooja.mali\.m2\repository\org\json\json\20220924\json-20220924.jar;C:\Users\pooja.mali\.m2\repository\com\googlecode\json-simple\json-simple\1.1\json-simple-1.1.jar;C:\Users\pooja.mali\.m2\repository\ru\lanwen\wiremock\wiremock-junit5\1.0.1\wiremock-junit5-1.0.1.jar;C:\Users\pooja.mali\.m2\repository\com\github\tomakehurst\wiremock-jre8-standalone\2.34.0\wiremock-jre8-standalone-2.34.0.jar;C:\Users\pooja.mali\.m2\repository\org\eclipse\jetty\jetty-server\9.2.28.v20190418\jetty-server-9.2.28.v20190418.jar;C:\Users\pooja.mali\.m2\repository\javax\servlet\javax.servlet-api\3.1.0\javax.servlet-api-3.1.0.jar;C:\Users\pooja.mali\.m2\repository\org\eclipse\jetty\jetty-http\9.2.28.v20190418\jetty-http-9.2.28.v20190418.jar;C:\Users\pooja.mali\.m2\repository\org\eclipse\jetty\jetty-io\9.2.28.v20190418\jetty-io-9.2.28.v20190418.jar;C:\Users\pooja.mali\.m2\repository\org\eclipse\jetty\jetty-servlet\9.2.28.v20190418\jetty-servlet-9.2.28.v20190418.jar;C:\Users\pooja.mali\.m2\repository\org\eclipse\jetty\jetty-security\9.2.28.v20190418\jetty-security-9.2.28.v20190418.jar;C:\Users\pooja.mali\.m2\repository\org\eclipse\jetty\jetty-servlets\9.2.28.v20190418\jetty-servlets-9.2.28.v20190418.jar;C:\Users\pooja.mali\.m2\repository\org\eclipse\jetty\jetty-continuation\9.2.28.v20190418\jetty-continuation-9.2.28.v20190418.jar;C:\Users\pooja.mali\.m2\repository\org\eclipse\jetty\jetty-util\9.2.28.v20190418\jetty-util-9.2.28.v20190418.jar;C:\Users\pooja.mali\.m2\repository\org\eclipse\jetty\jetty-webapp\9.2.28.v20190418\jetty-webapp-9.2.28.v20190418.jar;C:\Users\pooja.mali\.m2\repository\org\eclipse\jetty\jetty-xml\9.2.28.v20190418\jetty-xml-9.2.28.v20190418.jar;C:\Users\pooja.mali\.m2\repository\org\eclipse\jetty\jetty-proxy\9.2.28.v20190418\jetty-proxy-9.2.28.v20190418.jar;C:\Users\pooja.mali\.m2\repository\org\eclipse\jetty\jetty-client\9.2.28.v20190418\jetty-client-9.2.28.v20190418.jar;C:\Users\pooja.mali\.m2\repository\com\google\guava\guava\20.0\guava-20.0.jar;C:\Users\pooja.mali\.m2\repository\org\xmlunit\xmlunit-core\2.7.0\xmlunit-core-2.7.0.jar;C:\Users\pooja.mali\.m2\repository\javax\xml\bind\jaxb-api\2.3.0\jaxb-api-2.3.0.jar;C:\Users\pooja.mali\.m2\repository\org\xmlunit\xmlunit-legacy\2.7.0\xmlunit-legacy-2.7.0.jar;C:\Users\pooja.mali\.m2\repository\org\xmlunit\xmlunit-placeholders\2.7.0\xmlunit-placeholders-2.7.0.jar;C:\Users\pooja.mali\.m2\repository\com\jayway\jsonpath\json-path\2.4.0\json-path-2.4.0.jar;C:\Users\pooja.mali\.m2\repository\net\minidev\json-smart\2.3\json-smart-2.3.jar;C:\Users\pooja.mali\.m2\repository\net\minidev\accessors-smart\1.2\accessors-smart-1.2.jar;C:\Users\pooja.mali\.m2\repository\org\ow2\asm\asm\7.0\asm-7.0.jar;C:\Users\pooja.mali\.m2\repository\org\slf4j\slf4j-api\1.7.12\slf4j-api-1.7.12.jar;C:\Users\pooja.mali\.m2\repository\net\sf\jopt-simple\jopt-simple\5.0.3\jopt-simple-5.0.3.jar;C:\Users\pooja.mali\.m2\repository\org\apache\commons\commons-lang3\3.7\commons-lang3-3.7.jar;C:\Users\pooja.mali\.m2\repository\com\github\jknack\handlebars\4.0.7\handlebars-4.0.7.jar;C:\Users\pooja.mali\.m2\repository\org\antlr\antlr4-runtime\4.7.1\antlr4-runtime-4.7.1.jar;C:\Users\pooja.mali\.m2\repository\com\github\jknack\handlebars-helpers\4.0.7\handlebars-helpers-4.0.7.jar;C:\Users\pooja.mali\.m2\repository\com\flipkart\zjsonpatch\zjsonpatch\0.4.4\zjsonpatch-0.4.4.jar;C:\Users\pooja.mali\.m2\repository\commons-fileupload\commons-fileupload\1.4\commons-fileupload-1.4.jar;"/>
    <property name="sun.cpu.endian" value="little"/>
    <property name="user.home" value="C:\Users\pooja.mali"/>
    <property name="user.language" value="en"/>
    <property name="java.specification.vendor" value="Oracle Corporation"/>
    <property name="java.version.date" value="2022-04-22"/>
    <property name="java.home" value="C:\Program Files\Java\jdk-18.0.1.1"/>
    <property name="file.separator" value="\"/>
    <property name="basedir" value="C:\Users\pooja.mali\AutomationWorkspace\api"/>
    <property name="java.vm.compressedOopsMode" value="Zero based"/>
    <property name="line.separator" value="&#10;"/>
    <property name="java.vm.specification.vendor" value="Oracle Corporation"/>
    <property name="java.specification.name" value="Java Platform API Specification"/>
    <property name="surefire.real.class.path" value="C:\Users\pooja.mali\AppData\Local\Temp\surefire9394040282028315889\surefirebooter-20221010182518318_3.jar"/>
    <property name="user.script" value=""/>
    <property name="sun.management.compiler" value="HotSpot 64-Bit Tiered Compilers"/>
    <property name="java.runtime.version" value="18.0.1.1+2-6"/>
    <property name="user.name" value="pooja.mali"/>
    <property name="path.separator" value=";"/>
    <property name="os.version" value="10.0"/>
    <property name="java.runtime.name" value="Java(TM) SE Runtime Environment"/>
    <property name="file.encoding" value="UTF-8"/>
    <property name="java.vm.name" value="Java HotSpot(TM) 64-Bit Server VM"/>
    <property name="localRepository" value="C:\Users\pooja.mali\.m2\repository"/>
    <property name="javax.xml.xpath.XPathFactory:http://java.sun.com/jaxp/xpath/dom" value="com.sun.org.apache.xpath.internal.jaxp.XPathFactoryImpl"/>
    <property name="java.vendor.url.bug" value="https://bugreport.java.com/bugreport/"/>
    <property name="jetty.git.hash" value="6b67c5719d1f4371b33655ff2d047d24e171e49a"/>
    <property name="java.io.tmpdir" value="C:\Users\POOJA~1.MAL\AppData\Local\Temp\"/>
    <property name="wiremock.org.eclipse.jetty.http.HttpGenerator.STRICT" value="true"/>
    <property name="java.version" value="18.0.1.1"/>
    <property name="user.dir" value="C:\Users\pooja.mali\AutomationWorkspace\api"/>
    <property name="os.arch" value="amd64"/>
    <property name="java.vm.specification.name" value="Java Virtual Machine Specification"/>
    <property name="sun.os.patch.level" value=""/>
    <property name="native.encoding" value="Cp1252"/>
    <property name="java.library.path" value="C:\Program Files\Java\jdk-18.0.1.1\bin;C:\WINDOWS\Sun\Java\bin;C:\WINDOWS\system32;C:\WINDOWS;C:\Program Files\Common Files\Oracle\Java\javapath;C:\Program Files (x86)\Microsoft SDKs\Azure\CLI2\wbin;C:\WINDOWS\system32;C:\WINDOWS;C:\WINDOWS\System32\Wbem;C:\WINDOWS\System32\WindowsPowerShell\v1.0\;C:\WINDOWS\System32\OpenSSH\;C:\Program Files\TortoiseGit\bin;C:\Program Files\Git\cmd;C:\Program Files\PuTTY\;C:\Users\pooja.mali\Downloads\apache-maven-3.8.3-bin\apache-maven-3.8.3\bin;C:\Users\pooja.mali\.kube;C:\Users\pooja.mali\helm-v3.7.1-windows-amd64\windows-amd64;C:\Program Files\TortoiseSVN\bin;C:\Program Files\nodejs\;C:\Users\pooja.mali\AppData\Local\Microsoft\WindowsApps;C:\Users\pooja.mali\Downloads\apache-maven-3.8.3-bin\bin;C:\Users\pooja.mali\AppData\Roaming\npm;C:\Users\pooja.mali\AppData\Local\Programs\Microsoft VS Code\bin;C:\Program Files (x86)\BrowserStackLocal\;C:\Program Files\JetBrains\PyCharm Community Edition 2022.1.1\bin;;C:\Users\pooja.mali\Downloads\apache-maven-3.8.6-bin\apache-maven-3.8.6\bin;;."/>
    <property name="java.vm.info" value="mixed mode, sharing"/>
    <property name="java.vendor" value="Oracle Corporation"/>
    <property name="java.vm.version" value="18.0.1.1+2-6"/>
    <property name="sun.io.unicode.encoding" value="UnicodeLittle"/>
    <property name="javax.xml.transform.TransformerFactory" value="com.sun.org.apache.xalan.internal.xsltc.trax.TransformerFactoryImpl"/>
    <property name="java.class.version" value="62.0"/>
  </properties>
  <testcase name="StubbingGETMethod(int, String, String, String, String, String, String, int)[1]" classname="org.mindtickle.helpers.UserServiceHelperTest" time="0.046"/>
  <testcase name="StubbingPOSTMethod(int, String, String, String, String, String, String, int)[1]" classname="org.mindtickle.helpers.UserServiceHelperTest" time="0.092">
    <system-out><![CDATA[Request URI:	http://localhost:8080/v2/user/createWithArray
Request method:	POST
Body:
[
    {
        "id": 123,
        "username": "user1",
        "firstName": "fn1",
        "lastName": "ln1",
        "email": "e1",
        "password": "pwd1",
        "phone": "phn1",
        "userStatus": 0,
        "additionalProperties": {
            
        }
    }
]
]]></system-out>
  </testcase>
  <testcase name="StubbingPUTMethod(int, String, String, String, String, String, String, int)[1]" classname="org.mindtickle.helpers.UserServiceHelperTest" time="0.032">
    <system-out><![CDATA[Request URI:	http://localhost:8080/v2/user/user1
Request method:	PUT
]]></system-out>
  </testcase>
</testsuite>